#
# There is insufficient memory for the Java Runtime Environment to continue.
# Native memory allocation (malloc) failed to allocate 2092336 bytes for Chunk::new
# Possible reasons:
#   The system is out of physical RAM or swap space
#   The process is running with CompressedOops enabled, and the Java Heap may be blocking the growth of the native heap
# Possible solutions:
#   Reduce memory load on the system
#   Increase physical memory or swap space
#   Check if swap backing store is full
#   Decrease Java heap size (-Xmx/-Xms)
#   Decrease number of Java threads
#   Decrease Java thread stack sizes (-Xss)
#   Set larger code cache with -XX:ReservedCodeCacheSize=
#   JVM is running with Unscaled Compressed Oops mode in which the Java heap is
#     placed in the first 4GB address space. The Java Heap base address is the
#     maximum limit for the native heap growth. Please use -XX:HeapBaseMinAddress
#     to set the Java Heap base and to place the Java Heap above 4GB virtual address.
# This output file may be truncated or incomplete.
#
#  Out of Memory Error (arena.cpp:189), pid=15036, tid=456
#
# JRE version: OpenJDK Runtime Environment Temurin-17.0.7+7 (17.0.7+7) (build 17.0.7+7)
# Java VM: OpenJDK 64-Bit Server VM Temurin-17.0.7+7 (17.0.7+7, mixed mode, tiered, compressed oops, compressed class ptrs, g1 gc, windows-amd64)
# No core dump will be written. Minidumps are not enabled by default on client versions of Windows
#

---------------  S U M M A R Y ------------

Command Line: -Dfile.encoding=UTF-8 -XX:+ShowCodeDetailsInExceptionMessages com.main.ContractManagerProjectApplication

Host: Intel(R) Core(TM) i3-7020U CPU @ 2.30GHz, 4 cores, 3G,  Windows 10 , 64 bit Build 19041 (10.0.19041.3155)
Time: Thu Dec 14 14:02:47 2023 India Standard Time elapsed time: 22.759186 seconds (0d 0h 0m 22s)

---------------  T H R E A D  ---------------

Current thread (0x000001516c601d20):  JavaThread "C2 CompilerThread0" daemon [_thread_in_native, id=456, stack(0x0000001ab3800000,0x0000001ab3900000)]


Current CompileTask:
C2:  22759 5881       4       org.antlr.v4.runtime.atn.ParserATNSimulator::closure_ (311 bytes)

Stack: [0x0000001ab3800000,0x0000001ab3900000]
Native frames: (J=compiled Java code, j=interpreted, Vv=VM code, C=native code)
V  [jvm.dll+0x67754a]
V  [jvm.dll+0x834304]
V  [jvm.dll+0x835aae]
V  [jvm.dll+0x836113]
V  [jvm.dll+0x24696f]
V  [jvm.dll+0xac0ac]
V  [jvm.dll+0xac67c]
V  [jvm.dll+0x364de2]
V  [jvm.dll+0x32f6b1]
V  [jvm.dll+0x32eb5a]
V  [jvm.dll+0x219641]
V  [jvm.dll+0x218a61]
V  [jvm.dll+0x1a4d8d]
V  [jvm.dll+0x2284da]
V  [jvm.dll+0x226615]
V  [jvm.dll+0x7ea90b]
V  [jvm.dll+0x7e4e7a]
V  [jvm.dll+0x676395]
C  [ucrtbase.dll+0x21bb2]
C  [KERNEL32.DLL+0x17614]
C  [ntdll.dll+0x526b1]


---------------  P R O C E S S  ---------------

Threads class SMR info:
_java_thread_list=0x00000151725cf300, length=19, elements={
0x0000015153583810, 0x000001516c590290, 0x000001516c593520, 0x000001516c5da190,
0x000001516c5eb7c0, 0x000001516c5ee090, 0x000001516c5ee950, 0x000001516c601d20,
0x000001516c738070, 0x000001516c768910, 0x000001516c870580, 0x000001516c894010,
0x000001516c9f9f90, 0x0000015171557d20, 0x00000151734f7a30, 0x00000151723e6a60,
0x0000015172ad8240, 0x0000015172d97830, 0x00000151739cc1c0
}

Java Threads: ( => current thread )
  0x0000015153583810 JavaThread "main" [_thread_blocked, id=3712, stack(0x0000001ab2b00000,0x0000001ab2c00000)]
  0x000001516c590290 JavaThread "Reference Handler" daemon [_thread_blocked, id=1796, stack(0x0000001ab3200000,0x0000001ab3300000)]
  0x000001516c593520 JavaThread "Finalizer" daemon [_thread_blocked, id=10592, stack(0x0000001ab3300000,0x0000001ab3400000)]
  0x000001516c5da190 JavaThread "Signal Dispatcher" daemon [_thread_blocked, id=11940, stack(0x0000001ab3400000,0x0000001ab3500000)]
  0x000001516c5eb7c0 JavaThread "Attach Listener" daemon [_thread_blocked, id=11252, stack(0x0000001ab3500000,0x0000001ab3600000)]
  0x000001516c5ee090 JavaThread "Service Thread" daemon [_thread_blocked, id=4076, stack(0x0000001ab3600000,0x0000001ab3700000)]
  0x000001516c5ee950 JavaThread "Monitor Deflation Thread" daemon [_thread_blocked, id=11840, stack(0x0000001ab3700000,0x0000001ab3800000)]
=>0x000001516c601d20 JavaThread "C2 CompilerThread0" daemon [_thread_in_native, id=456, stack(0x0000001ab3800000,0x0000001ab3900000)]
  0x000001516c738070 JavaThread "C1 CompilerThread0" daemon [_thread_blocked, id=13040, stack(0x0000001ab3900000,0x0000001ab3a00000)]
  0x000001516c768910 JavaThread "Sweeper thread" daemon [_thread_blocked, id=1432, stack(0x0000001ab3a00000,0x0000001ab3b00000)]
  0x000001516c870580 JavaThread "Notification Thread" daemon [_thread_blocked, id=7740, stack(0x0000001ab3b00000,0x0000001ab3c00000)]
  0x000001516c894010 JavaThread "Common-Cleaner" daemon [_thread_blocked, id=14040, stack(0x0000001ab3d00000,0x0000001ab3e00000)]
  0x000001516c9f9f90 JavaThread "Thread-0" [_thread_blocked, id=12796, stack(0x0000001ab4100000,0x0000001ab4200000)]
  0x0000015171557d20 JavaThread "restartedMain" [_thread_in_vm, id=13068, stack(0x0000001ab4200000,0x0000001ab4300000)]
  0x00000151734f7a30 JavaThread "Catalina-utility-1" [_thread_blocked, id=10688, stack(0x0000001ab4300000,0x0000001ab4400000)]
  0x00000151723e6a60 JavaThread "Catalina-utility-2" [_thread_blocked, id=8916, stack(0x0000001ab4400000,0x0000001ab4500000)]
  0x0000015172ad8240 JavaThread "container-0" [_thread_blocked, id=11648, stack(0x0000001ab4600000,0x0000001ab4700000)]
  0x0000015172d97830 JavaThread "mysql-cj-abandoned-connection-cleanup" daemon [_thread_blocked, id=12624, stack(0x0000001ab4700000,0x0000001ab4800000)]
  0x00000151739cc1c0 JavaThread "contractmanager housekeeper" daemon [_thread_blocked, id=5060, stack(0x0000001ab4900000,0x0000001ab4a00000)]

Other Threads:
  0x000001515364ec70 VMThread "VM Thread" [stack: 0x0000001ab3100000,0x0000001ab3200000] [id=3516]
  0x000001516c54d6c0 WatcherThread [stack: 0x0000001ab3c00000,0x0000001ab3d00000] [id=14688]
  0x00000151535bff20 GCTaskThread "GC Thread#0" [stack: 0x0000001ab2c00000,0x0000001ab2d00000] [id=10252]
  0x00000151718f4020 GCTaskThread "GC Thread#1" [stack: 0x0000001ab3e00000,0x0000001ab3f00000] [id=5820]
  0x0000015171a3fc90 GCTaskThread "GC Thread#2" [stack: 0x0000001ab3f00000,0x0000001ab4000000] [id=2056]
  0x0000015171a3ec70 GCTaskThread "GC Thread#3" [stack: 0x0000001ab4000000,0x0000001ab4100000] [id=8128]
  0x00000151535ca6a0 ConcurrentGCThread "G1 Main Marker" [stack: 0x0000001ab2d00000,0x0000001ab2e00000] [id=10228]
  0x00000151535cafd0 ConcurrentGCThread "G1 Conc#0" [stack: 0x0000001ab2e00000,0x0000001ab2f00000] [id=8508]
  0x000001515361f4c0 ConcurrentGCThread "G1 Refine#0" [stack: 0x0000001ab2f00000,0x0000001ab3000000] [id=12032]
  0x0000015172000e70 ConcurrentGCThread "G1 Refine#1" [stack: 0x0000001ab4500000,0x0000001ab4600000] [id=10476]
  0x000001515361fdf0 ConcurrentGCThread "G1 Service" [stack: 0x0000001ab3000000,0x0000001ab3100000] [id=2988]

Threads with active compile tasks:
C2 CompilerThread0    22830 5881       4       org.antlr.v4.runtime.atn.ParserATNSimulator::closure_ (311 bytes)

VM state: not at safepoint (normal execution)

VM Mutex/Monitor currently owned by a thread: None

Heap address: 0x00000000c1400000, size: 1004 MB, Compressed Oops mode: 32-bit

CDS archive(s) not mapped
Compressed class space mapped at: 0x0000000100000000-0x0000000140000000, reserved size: 1073741824
Narrow klass base: 0x0000000000000000, Narrow klass shift: 3, Narrow klass range: 0x140000000

GC Precious Log:
 CPUs: 4 total, 4 available
 Memory: 4011M
 Large Page Support: Disabled
 NUMA Support: Disabled
 Compressed Oops: Enabled (32-bit)
 Heap Region Size: 1M
 Heap Min Capacity: 8M
 Heap Initial Capacity: 64M
 Heap Max Capacity: 1004M
 Pre-touch: Disabled
 Parallel Workers: 4
 Concurrent Workers: 1
 Concurrent Refinement Workers: 4
 Periodic GC: Disabled

Heap:
 garbage-first heap   total 51200K, used 31246K [0x00000000c1400000, 0x0000000100000000)
  region size 1024K, 3 young (3072K), 1 survivors (1024K)
 Metaspace       used 76533K, committed 77056K, reserved 1179648K
  class space    used 10254K, committed 10496K, reserved 1048576K

Heap Regions: E=young(eden), S=young(survivor), O=old, HS=humongous(starts), HC=humongous(continues), CS=collection set, F=free, OA=open archive, CA=closed archive, TAMS=top-at-mark-start (previous, next)
|   0|0x00000000c1400000, 0x00000000c1500000, 0x00000000c1500000|100%|HS|  |TAMS 0x00000000c1500000, 0x00000000c1500000| Complete 
|   1|0x00000000c1500000, 0x00000000c1600000, 0x00000000c1600000|100%| O|  |TAMS 0x00000000c1600000, 0x00000000c1600000| Untracked 
|   2|0x00000000c1600000, 0x00000000c1700000, 0x00000000c1700000|100%| O|  |TAMS 0x00000000c1700000, 0x00000000c1700000| Untracked 
|   3|0x00000000c1700000, 0x00000000c1800000, 0x00000000c1800000|100%| O|  |TAMS 0x00000000c1800000, 0x00000000c1800000| Untracked 
|   4|0x00000000c1800000, 0x00000000c1900000, 0x00000000c1900000|100%| O|  |TAMS 0x00000000c1900000, 0x00000000c1900000| Untracked 
|   5|0x00000000c1900000, 0x00000000c1a00000, 0x00000000c1a00000|100%| O|  |TAMS 0x00000000c1a00000, 0x00000000c1a00000| Untracked 
|   6|0x00000000c1a00000, 0x00000000c1b00000, 0x00000000c1b00000|100%| O|  |TAMS 0x00000000c1b00000, 0x00000000c1b00000| Untracked 
|   7|0x00000000c1b00000, 0x00000000c1c00000, 0x00000000c1c00000|100%| O|  |TAMS 0x00000000c1c00000, 0x00000000c1c00000| Untracked 
|   8|0x00000000c1c00000, 0x00000000c1d00000, 0x00000000c1d00000|100%| O|  |TAMS 0x00000000c1d00000, 0x00000000c1d00000| Untracked 
|   9|0x00000000c1d00000, 0x00000000c1e00000, 0x00000000c1e00000|100%| O|  |TAMS 0x00000000c1e00000, 0x00000000c1e00000| Untracked 
|  10|0x00000000c1e00000, 0x00000000c1f00000, 0x00000000c1f00000|100%| O|  |TAMS 0x00000000c1f00000, 0x00000000c1f00000| Untracked 
|  11|0x00000000c1f00000, 0x00000000c2000000, 0x00000000c2000000|100%| O|  |TAMS 0x00000000c2000000, 0x00000000c2000000| Untracked 
|  12|0x00000000c2000000, 0x00000000c2100000, 0x00000000c2100000|100%| O|  |TAMS 0x00000000c2100000, 0x00000000c2100000| Untracked 
|  13|0x00000000c2100000, 0x00000000c2200000, 0x00000000c2200000|100%| O|  |TAMS 0x00000000c2200000, 0x00000000c2200000| Untracked 
|  14|0x00000000c2200000, 0x00000000c2300000, 0x00000000c2300000|100%| O|  |TAMS 0x00000000c2300000, 0x00000000c2300000| Untracked 
|  15|0x00000000c2300000, 0x00000000c2400000, 0x00000000c2400000|100%| O|  |TAMS 0x00000000c2400000, 0x00000000c2400000| Untracked 
|  16|0x00000000c2400000, 0x00000000c2500000, 0x00000000c2500000|100%| O|  |TAMS 0x00000000c2500000, 0x00000000c2500000| Untracked 
|  17|0x00000000c2500000, 0x00000000c2600000, 0x00000000c2600000|100%| O|  |TAMS 0x00000000c2600000, 0x00000000c2600000| Untracked 
|  18|0x00000000c2600000, 0x00000000c2700000, 0x00000000c2700000|100%| O|  |TAMS 0x00000000c2700000, 0x00000000c2700000| Untracked 
|  19|0x00000000c2700000, 0x00000000c2800000, 0x00000000c2800000|100%| O|  |TAMS 0x00000000c2800000, 0x00000000c2800000| Untracked 
|  20|0x00000000c2800000, 0x00000000c2900000, 0x00000000c2900000|100%| O|  |TAMS 0x00000000c2900000, 0x00000000c2900000| Untracked 
|  21|0x00000000c2900000, 0x00000000c2a00000, 0x00000000c2a00000|100%| O|  |TAMS 0x00000000c2a00000, 0x00000000c2a00000| Untracked 
|  22|0x00000000c2a00000, 0x00000000c2b00000, 0x00000000c2b00000|100%| O|  |TAMS 0x00000000c2b00000, 0x00000000c2b00000| Untracked 
|  23|0x00000000c2b00000, 0x00000000c2c00000, 0x00000000c2c00000|100%| O|  |TAMS 0x00000000c2c00000, 0x00000000c2c00000| Untracked 
|  24|0x00000000c2c00000, 0x00000000c2d00000, 0x00000000c2d00000|100%| O|  |TAMS 0x00000000c2d00000, 0x00000000c2d00000| Untracked 
|  25|0x00000000c2d00000, 0x00000000c2e00000, 0x00000000c2e00000|100%| O|  |TAMS 0x00000000c2db3000, 0x00000000c2e00000| Untracked 
|  26|0x00000000c2e00000, 0x00000000c2f00000, 0x00000000c2f00000|100%| O|  |TAMS 0x00000000c2e00000, 0x00000000c2eb4800| Untracked 
|  27|0x00000000c2f00000, 0x00000000c3000000, 0x00000000c3000000|100%| O|  |TAMS 0x00000000c2f00000, 0x00000000c2f00000| Untracked 
|  28|0x00000000c3000000, 0x00000000c30b7200, 0x00000000c3100000| 71%| O|  |TAMS 0x00000000c3000000, 0x00000000c3000000| Untracked 
|  29|0x00000000c3100000, 0x00000000c3100000, 0x00000000c3200000|  0%| F|  |TAMS 0x00000000c3100000, 0x00000000c3100000| Untracked 
|  30|0x00000000c3200000, 0x00000000c3200000, 0x00000000c3300000|  0%| F|  |TAMS 0x00000000c3200000, 0x00000000c3200000| Untracked 
|  31|0x00000000c3300000, 0x00000000c3300000, 0x00000000c3400000|  0%| F|  |TAMS 0x00000000c3300000, 0x00000000c3300000| Untracked 
|  32|0x00000000c3400000, 0x00000000c3400000, 0x00000000c3500000|  0%| F|  |TAMS 0x00000000c3400000, 0x00000000c3400000| Untracked 
|  33|0x00000000c3500000, 0x00000000c3500000, 0x00000000c3600000|  0%| F|  |TAMS 0x00000000c3500000, 0x00000000c3500000| Untracked 
|  34|0x00000000c3600000, 0x00000000c3600000, 0x00000000c3700000|  0%| F|  |TAMS 0x00000000c3600000, 0x00000000c3600000| Untracked 
|  35|0x00000000c3700000, 0x00000000c37cc8a0, 0x00000000c3800000| 79%| S|CS|TAMS 0x00000000c3700000, 0x00000000c3700000| Complete 
|  36|0x00000000c3800000, 0x00000000c3800000, 0x00000000c3900000|  0%| F|  |TAMS 0x00000000c3800000, 0x00000000c3800000| Untracked 
|  37|0x00000000c3900000, 0x00000000c3900000, 0x00000000c3a00000|  0%| F|  |TAMS 0x00000000c3900000, 0x00000000c3900000| Untracked 
|  38|0x00000000c3a00000, 0x00000000c3a00000, 0x00000000c3b00000|  0%| F|  |TAMS 0x00000000c3a00000, 0x00000000c3a00000| Untracked 
|  39|0x00000000c3b00000, 0x00000000c3b00000, 0x00000000c3c00000|  0%| F|  |TAMS 0x00000000c3b00000, 0x00000000c3b00000| Untracked 
|  40|0x00000000c3c00000, 0x00000000c3c00000, 0x00000000c3d00000|  0%| F|  |TAMS 0x00000000c3c00000, 0x00000000c3c00000| Untracked 
|  41|0x00000000c3d00000, 0x00000000c3d00000, 0x00000000c3e00000|  0%| F|  |TAMS 0x00000000c3d00000, 0x00000000c3d00000| Untracked 
|  42|0x00000000c3e00000, 0x00000000c3e00000, 0x00000000c3f00000|  0%| F|  |TAMS 0x00000000c3e00000, 0x00000000c3e00000| Untracked 
|  43|0x00000000c3f00000, 0x00000000c3f00000, 0x00000000c4000000|  0%| F|  |TAMS 0x00000000c3f00000, 0x00000000c3f00000| Untracked 
|  44|0x00000000c4000000, 0x00000000c4000000, 0x00000000c4100000|  0%| F|  |TAMS 0x00000000c4000000, 0x00000000c4000000| Untracked 
|  45|0x00000000c4100000, 0x00000000c4100000, 0x00000000c4200000|  0%| F|  |TAMS 0x00000000c4100000, 0x00000000c4100000| Untracked 
|  50|0x00000000c4600000, 0x00000000c4600000, 0x00000000c4700000|  0%| F|  |TAMS 0x00000000c4600000, 0x00000000c4600000| Untracked 
|  51|0x00000000c4700000, 0x00000000c4700000, 0x00000000c4800000|  0%| F|  |TAMS 0x00000000c4700000, 0x00000000c4700000| Untracked 
|  52|0x00000000c4800000, 0x00000000c486f500, 0x00000000c4900000| 43%| E|  |TAMS 0x00000000c4800000, 0x00000000c4800000| Complete 
|  63|0x00000000c5300000, 0x00000000c5400000, 0x00000000c5400000|100%| E|CS|TAMS 0x00000000c5300000, 0x00000000c5300000| Complete 

Card table byte_map: [0x0000015167c60000,0x0000015167e60000] _byte_map_base: 0x0000015167656000

Marking Bits (Prev, Next): (CMBitMap*) 0x00000151535c1890, (CMBitMap*) 0x00000151535c1850
 Prev Bits: [0x0000015169010000, 0x0000015169fc0000)
 Next Bits: [0x0000015168060000, 0x0000015169010000)

Polling page: 0x0000015153650000

Metaspace:

Usage:
  Non-class:     64.74 MB used.
      Class:     10.02 MB used.
       Both:     74.75 MB used.

Virtual space:
  Non-class space:      128.00 MB reserved,      65.00 MB ( 51%) committed,  2 nodes.
      Class space:        1.00 GB reserved,      10.25 MB (  1%) committed,  1 nodes.
             Both:        1.12 GB reserved,      75.25 MB (  7%) committed. 

Chunk freelists:
   Non-Class:  14.27 MB
       Class:  5.69 MB
        Both:  19.95 MB

MaxMetaspaceSize: unlimited
CompressedClassSpaceSize: 1.00 GB
Initial GC threshold: 21.00 MB
Current GC threshold: 119.31 MB
CDS: off
MetaspaceReclaimPolicy: balanced
 - commit_granule_bytes: 65536.
 - commit_granule_words: 8192.
 - virtual_space_node_default_size: 8388608.
 - enlarge_chunks_in_place: 1.
 - new_chunks_are_fully_committed: 0.
 - uncommit_free_chunks: 1.
 - use_allocation_guard: 0.
 - handle_deallocations: 1.


Internal statistics:

num_allocs_failed_limit: 6.
num_arena_births: 670.
num_arena_deaths: 0.
num_vsnodes_births: 3.
num_vsnodes_deaths: 0.
num_space_committed: 1204.
num_space_uncommitted: 0.
num_chunks_returned_to_freelist: 6.
num_chunks_taken_from_freelist: 2999.
num_chunk_merges: 3.
num_chunk_splits: 2202.
num_chunks_enlarged: 1763.
num_inconsistent_stats: 0.

CodeHeap 'non-profiled nmethods': size=120000Kb used=2495Kb max_used=2995Kb free=117504Kb
 bounds [0x000001515ff10000, 0x0000015160210000, 0x0000015167440000]
CodeHeap 'profiled nmethods': size=120000Kb used=9749Kb max_used=11832Kb free=110250Kb
 bounds [0x0000015158440000, 0x0000015158fd0000, 0x000001515f970000]
CodeHeap 'non-nmethods': size=5760Kb used=1354Kb max_used=1430Kb free=4405Kb
 bounds [0x000001515f970000, 0x000001515fbe0000, 0x000001515ff10000]
 total_blobs=5708 nmethods=5018 adapters=602
 compilation: enabled
              stopped_count=0, restarted_count=0
 full_count=0

Compilation events (20 events):
Event: 22.731 Thread 0x000001516c738070 5921       2       java.util.Arrays::sort (37 bytes)
Event: 22.732 Thread 0x000001516c738070 nmethod 5921 0x0000015158aa6290 code [0x0000015158aa6440, 0x0000015158aa65b8]
Event: 22.732 Thread 0x000001516c738070 5922   !   2       jdk.proxy1.$Proxy3::annotationType (29 bytes)
Event: 22.732 Thread 0x000001516c738070 nmethod 5922 0x00000151587db490 code [0x00000151587db640, 0x00000151587db8b8]
Event: 22.732 Thread 0x000001516c738070 5923   !   2       org.springframework.core.annotation.AnnotationTypeMappings::addIfPossible (66 bytes)
Event: 22.733 Thread 0x000001516c738070 nmethod 5923 0x00000151587c6a90 code [0x00000151587c6cc0, 0x00000151587c7218]
Event: 22.733 Thread 0x000001516c738070 5924       2       org.springframework.core.annotation.AnnotationTypeMapping::<init> (189 bytes)
Event: 22.735 Thread 0x000001516c738070 nmethod 5924 0x00000151587a7010 code [0x00000151587a72a0, 0x00000151587a80b8]
Event: 22.735 Thread 0x000001516c738070 5925       2       java.lang.reflect.Field::getFieldAccessor (35 bytes)
Event: 22.736 Thread 0x000001516c738070 nmethod 5925 0x00000151587bd590 code [0x00000151587bd720, 0x00000151587bd868]
Event: 22.736 Thread 0x000001516c738070 5926       2       org.springframework.transaction.interceptor.AbstractFallbackTransactionAttributeSource::computeTransactionAttribute (112 bytes)
Event: 22.738 Thread 0x000001516c738070 nmethod 5926 0x0000015158923b90 code [0x0000015158923e20, 0x0000015158924538]
Event: 22.741 Thread 0x000001516c738070 5927   !   2       org.springframework.util.ConcurrentReferenceHashMap$Segment::restructure (316 bytes)
Event: 22.743 Thread 0x000001516c738070 nmethod 5927 0x0000015158530810 code [0x0000015158530ae0, 0x0000015158531868]
Event: 22.744 Thread 0x000001516c738070 5928   !   3       org.springframework.util.ConcurrentReferenceHashMap$Segment::doTask (179 bytes)
Event: 22.746 Thread 0x000001516c738070 nmethod 5928 0x00000151585e9690 code [0x00000151585e9a40, 0x00000151585eb268]
Event: 22.746 Thread 0x000001516c738070 5929       3       java.lang.invoke.LambdaForm$MH/0x000000010009ac00::linkToTargetMethod (15 bytes)
Event: 22.746 Thread 0x000001516c738070 nmethod 5929 0x0000015158fb2e10 code [0x0000015158fb2fc0, 0x0000015158fb32d8]
Event: 22.746 Thread 0x000001516c738070 5930       3       java.lang.invoke.LambdaForm$DMH/0x000000010009a400::newInvokeSpecial (32 bytes)
Event: 22.747 Thread 0x000001516c738070 nmethod 5930 0x00000151586a6590 code [0x00000151586a6780, 0x00000151586a6da8]

GC Heap History (20 events):
Event: 15.627 GC heap before
{Heap before GC invocations=21 (full 0):
 garbage-first heap   total 39936K, used 30427K [0x00000000c1400000, 0x0000000100000000)
  region size 1024K, 11 young (11264K), 2 survivors (2048K)
 Metaspace       used 54358K, committed 54784K, reserved 1114112K
  class space    used 6769K, committed 6976K, reserved 1048576K
}
Event: 15.634 GC heap after
{Heap after GC invocations=22 (full 0):
 garbage-first heap   total 39936K, used 23066K [0x00000000c1400000, 0x0000000100000000)
  region size 1024K, 1 young (1024K), 1 survivors (1024K)
 Metaspace       used 54358K, committed 54784K, reserved 1114112K
  class space    used 6769K, committed 6976K, reserved 1048576K
}
Event: 16.114 GC heap before
{Heap before GC invocations=23 (full 0):
 garbage-first heap   total 40960K, used 32282K [0x00000000c1400000, 0x0000000100000000)
  region size 1024K, 10 young (10240K), 1 survivors (1024K)
 Metaspace       used 56279K, committed 56704K, reserved 1114112K
  class space    used 7029K, committed 7232K, reserved 1048576K
}
Event: 16.117 GC heap after
{Heap after GC invocations=24 (full 0):
 garbage-first heap   total 40960K, used 23541K [0x00000000c1400000, 0x0000000100000000)
  region size 1024K, 2 young (2048K), 2 survivors (2048K)
 Metaspace       used 56279K, committed 56704K, reserved 1114112K
  class space    used 7029K, committed 7232K, reserved 1048576K
}
Event: 16.665 GC heap before
{Heap before GC invocations=24 (full 0):
 garbage-first heap   total 40960K, used 31733K [0x00000000c1400000, 0x0000000100000000)
  region size 1024K, 11 young (11264K), 2 survivors (2048K)
 Metaspace       used 58504K, committed 58944K, reserved 1114112K
  class space    used 7308K, committed 7488K, reserved 1048576K
}
Event: 16.669 GC heap after
{Heap after GC invocations=25 (full 0):
 garbage-first heap   total 40960K, used 23992K [0x00000000c1400000, 0x0000000100000000)
  region size 1024K, 2 young (2048K), 2 survivors (2048K)
 Metaspace       used 58504K, committed 58944K, reserved 1114112K
  class space    used 7308K, committed 7488K, reserved 1048576K
}
Event: 17.196 GC heap before
{Heap before GC invocations=26 (full 0):
 garbage-first heap   total 45056K, used 31160K [0x00000000c1400000, 0x0000000100000000)
  region size 1024K, 10 young (10240K), 2 survivors (2048K)
 Metaspace       used 61747K, committed 62144K, reserved 1114112K
  class space    used 7826K, committed 8000K, reserved 1048576K
}
Event: 17.199 GC heap after
{Heap after GC invocations=27 (full 0):
 garbage-first heap   total 45056K, used 24327K [0x00000000c1400000, 0x0000000100000000)
  region size 1024K, 2 young (2048K), 2 survivors (2048K)
 Metaspace       used 61747K, committed 62144K, reserved 1114112K
  class space    used 7826K, committed 8000K, reserved 1048576K
}
Event: 18.021 GC heap before
{Heap before GC invocations=27 (full 0):
 garbage-first heap   total 45056K, used 35591K [0x00000000c1400000, 0x0000000100000000)
  region size 1024K, 13 young (13312K), 2 survivors (2048K)
 Metaspace       used 64280K, committed 64704K, reserved 1114112K
  class space    used 8309K, committed 8512K, reserved 1048576K
}
Event: 18.027 GC heap after
{Heap after GC invocations=28 (full 0):
 garbage-first heap   total 45056K, used 24753K [0x00000000c1400000, 0x0000000100000000)
  region size 1024K, 2 young (2048K), 2 survivors (2048K)
 Metaspace       used 64280K, committed 64704K, reserved 1114112K
  class space    used 8309K, committed 8512K, reserved 1048576K
}
Event: 19.267 GC heap before
{Heap before GC invocations=29 (full 0):
 garbage-first heap   total 45056K, used 36017K [0x00000000c1400000, 0x0000000100000000)
  region size 1024K, 13 young (13312K), 2 survivors (2048K)
 Metaspace       used 66921K, committed 67520K, reserved 1114112K
  class space    used 8729K, committed 9024K, reserved 1048576K
}
Event: 19.272 GC heap after
{Heap after GC invocations=30 (full 0):
 garbage-first heap   total 45056K, used 25244K [0x00000000c1400000, 0x0000000100000000)
  region size 1024K, 2 young (2048K), 2 survivors (2048K)
 Metaspace       used 66921K, committed 67520K, reserved 1114112K
  class space    used 8729K, committed 9024K, reserved 1048576K
}
Event: 20.653 GC heap before
{Heap before GC invocations=30 (full 0):
 garbage-first heap   total 45056K, used 36508K [0x00000000c1400000, 0x0000000100000000)
  region size 1024K, 13 young (13312K), 2 survivors (2048K)
 Metaspace       used 68884K, committed 69440K, reserved 1114112K
  class space    used 8986K, committed 9280K, reserved 1048576K
}
Event: 20.660 GC heap after
{Heap after GC invocations=31 (full 0):
 garbage-first heap   total 45056K, used 26510K [0x00000000c1400000, 0x0000000100000000)
  region size 1024K, 2 young (2048K), 2 survivors (2048K)
 Metaspace       used 68884K, committed 69440K, reserved 1114112K
  class space    used 8986K, committed 9280K, reserved 1048576K
}
Event: 21.197 GC heap before
{Heap before GC invocations=32 (full 0):
 garbage-first heap   total 48128K, used 35726K [0x00000000c1400000, 0x0000000100000000)
  region size 1024K, 12 young (12288K), 2 survivors (2048K)
 Metaspace       used 70820K, committed 71360K, reserved 1114112K
  class space    used 9260K, committed 9536K, reserved 1048576K
}
Event: 21.207 GC heap after
{Heap after GC invocations=33 (full 0):
 garbage-first heap   total 48128K, used 27431K [0x00000000c1400000, 0x0000000100000000)
  region size 1024K, 2 young (2048K), 2 survivors (2048K)
 Metaspace       used 70820K, committed 71360K, reserved 1114112K
  class space    used 9260K, committed 9536K, reserved 1048576K
}
Event: 21.680 GC heap before
{Heap before GC invocations=33 (full 0):
 garbage-first heap   total 48128K, used 38695K [0x00000000c1400000, 0x0000000100000000)
  region size 1024K, 13 young (13312K), 2 survivors (2048K)
 Metaspace       used 72500K, committed 73088K, reserved 1114112K
  class space    used 9591K, committed 9856K, reserved 1048576K
}
Event: 21.686 GC heap after
{Heap after GC invocations=34 (full 0):
 garbage-first heap   total 48128K, used 28112K [0x00000000c1400000, 0x0000000100000000)
  region size 1024K, 2 young (2048K), 2 survivors (2048K)
 Metaspace       used 72500K, committed 73088K, reserved 1114112K
  class space    used 9591K, committed 9856K, reserved 1048576K
}
Event: 22.168 GC heap before
{Heap before GC invocations=35 (full 0):
 garbage-first heap   total 51200K, used 38352K [0x00000000c1400000, 0x0000000100000000)
  region size 1024K, 13 young (13312K), 2 survivors (2048K)
 Metaspace       used 74395K, committed 74944K, reserved 1114112K
  class space    used 9971K, committed 10240K, reserved 1048576K
}
Event: 22.176 GC heap after
{Heap after GC invocations=36 (full 0):
 garbage-first heap   total 51200K, used 29394K [0x00000000c1400000, 0x0000000100000000)
  region size 1024K, 2 young (2048K), 2 survivors (2048K)
 Metaspace       used 74395K, committed 74944K, reserved 1114112K
  class space    used 9971K, committed 10240K, reserved 1048576K
}

Dll operation events (9 events):
Event: 0.074 Loaded shared library C:\Software\sts-4.19.0.RELEASE\plugins\org.eclipse.justj.openjdk.hotspot.jre.full.win32.x86_64_17.0.7.v20230425-1502\jre\bin\java.dll
Event: 0.422 Loaded shared library C:\Software\sts-4.19.0.RELEASE\plugins\org.eclipse.justj.openjdk.hotspot.jre.full.win32.x86_64_17.0.7.v20230425-1502\jre\bin\net.dll
Event: 0.426 Loaded shared library C:\Software\sts-4.19.0.RELEASE\plugins\org.eclipse.justj.openjdk.hotspot.jre.full.win32.x86_64_17.0.7.v20230425-1502\jre\bin\nio.dll
Event: 0.440 Loaded shared library C:\Software\sts-4.19.0.RELEASE\plugins\org.eclipse.justj.openjdk.hotspot.jre.full.win32.x86_64_17.0.7.v20230425-1502\jre\bin\zip.dll
Event: 0.786 Loaded shared library C:\Software\sts-4.19.0.RELEASE\plugins\org.eclipse.justj.openjdk.hotspot.jre.full.win32.x86_64_17.0.7.v20230425-1502\jre\bin\jimage.dll
Event: 1.503 Loaded shared library C:\Software\sts-4.19.0.RELEASE\plugins\org.eclipse.justj.openjdk.hotspot.jre.full.win32.x86_64_17.0.7.v20230425-1502\jre\bin\management.dll
Event: 1.511 Loaded shared library C:\Software\sts-4.19.0.RELEASE\plugins\org.eclipse.justj.openjdk.hotspot.jre.full.win32.x86_64_17.0.7.v20230425-1502\jre\bin\management_ext.dll
Event: 10.588 Loaded shared library C:\Software\sts-4.19.0.RELEASE\plugins\org.eclipse.justj.openjdk.hotspot.jre.full.win32.x86_64_17.0.7.v20230425-1502\jre\bin\sunmscapi.dll
Event: 12.048 Loaded shared library C:\Software\sts-4.19.0.RELEASE\plugins\org.eclipse.justj.openjdk.hotspot.jre.full.win32.x86_64_17.0.7.v20230425-1502\jre\bin\verify.dll

Deoptimization events (20 events):
Event: 21.094 Thread 0x0000015171557d20 Uncommon trap: trap_request=0xffffffde fr.pc=0x00000151600b1a28 relative=0x00000000000009c8
Event: 21.094 Thread 0x0000015171557d20 Uncommon trap: reason=class_check action=maybe_recompile pc=0x00000151600b1a28 method=org.springframework.util.ConcurrentReferenceHashMap$Segment.findInChain(Lorg/springframework/util/ConcurrentReferenceHashMap$Reference;Ljava/lang/Object;I)Lorg/springfra
Event: 21.094 Thread 0x0000015171557d20 DEOPT PACKING pc=0x00000151600b1a28 sp=0x0000001ab42f90d0
Event: 21.094 Thread 0x0000015171557d20 DEOPT UNPACKING pc=0x000001515f9c69a3 sp=0x0000001ab42f9018 mode 2
Event: 21.094 Thread 0x0000015171557d20 Uncommon trap: trap_request=0xffffffde fr.pc=0x00000151600aede0 relative=0x0000000000000520
Event: 21.094 Thread 0x0000015171557d20 Uncommon trap: reason=class_check action=maybe_recompile pc=0x00000151600aede0 method=org.springframework.util.ConcurrentReferenceHashMap$Segment.findInChain(Lorg/springframework/util/ConcurrentReferenceHashMap$Reference;Ljava/lang/Object;I)Lorg/springfra
Event: 21.094 Thread 0x0000015171557d20 DEOPT PACKING pc=0x00000151600aede0 sp=0x0000001ab42f9050
Event: 21.095 Thread 0x0000015171557d20 DEOPT UNPACKING pc=0x000001515f9c69a3 sp=0x0000001ab42f9018 mode 2
Event: 21.856 Thread 0x0000015171557d20 Uncommon trap: trap_request=0xffffff45 fr.pc=0x000001516014bba8 relative=0x00000000000001e8
Event: 21.856 Thread 0x0000015171557d20 Uncommon trap: reason=unstable_if action=reinterpret pc=0x000001516014bba8 method=java.util.HashMap.getNode(Ljava/lang/Object;)Ljava/util/HashMap$Node; @ 66 c2
Event: 21.856 Thread 0x0000015171557d20 DEOPT PACKING pc=0x000001516014bba8 sp=0x0000001ab42f3ba0
Event: 21.856 Thread 0x0000015171557d20 DEOPT UNPACKING pc=0x000001515f9c69a3 sp=0x0000001ab42f3ab0 mode 2
Event: 21.857 Thread 0x0000015171557d20 Uncommon trap: trap_request=0xffffff45 fr.pc=0x000001515ffe0a38 relative=0x0000000000000218
Event: 21.857 Thread 0x0000015171557d20 Uncommon trap: reason=unstable_if action=reinterpret pc=0x000001515ffe0a38 method=java.util.HashMap.getNode(Ljava/lang/Object;)Ljava/util/HashMap$Node; @ 131 c2
Event: 21.857 Thread 0x0000015171557d20 DEOPT PACKING pc=0x000001515ffe0a38 sp=0x0000001ab42f37d0
Event: 21.857 Thread 0x0000015171557d20 DEOPT UNPACKING pc=0x000001515f9c69a3 sp=0x0000001ab42f3760 mode 2
Event: 22.743 Thread 0x0000015171557d20 Uncommon trap: trap_request=0xffffff45 fr.pc=0x000001516000df10 relative=0x00000000000000f0
Event: 22.743 Thread 0x0000015171557d20 Uncommon trap: reason=unstable_if action=reinterpret pc=0x000001516000df10 method=org.springframework.util.ObjectUtils.nullSafeEquals(Ljava/lang/Object;Ljava/lang/Object;)Z @ 12 c2
Event: 22.743 Thread 0x0000015171557d20 DEOPT PACKING pc=0x000001516000df10 sp=0x0000001ab42fc510
Event: 22.743 Thread 0x0000015171557d20 DEOPT UNPACKING pc=0x000001515f9c69a3 sp=0x0000001ab42fc4b0 mode 2

Classes unloaded (0 events):
No events

Classes redefined (0 events):
No events

Internal exceptions (20 events):
Event: 18.650 Thread 0x0000015171557d20 Exception <a 'java/lang/NoSuchMethodError'{0x00000000c3b6d530}: 'java.lang.Object java.lang.invoke.Invokers$Holder.linkToTargetMethod(java.lang.Object, int, java.lang.Object, java.lang.Object)'> (0x00000000c3b6d530) 
thrown [s\src\hotspot\share\interpreter\linkResolver.cpp, line 759]
Event: 18.793 Thread 0x0000015171557d20 Exception <a 'java/lang/IncompatibleClassChangeError'{0x00000000c3a05428}: Found class java.lang.Object, but interface was expected> (0x00000000c3a05428) 
thrown [s\src\hotspot\share\interpreter\linkResolver.cpp, line 826]
Event: 18.904 Thread 0x0000015171557d20 Exception <a 'java/lang/NoSuchMethodError'{0x00000000c3932d20}: 'int java.lang.invoke.DirectMethodHandle$Holder.invokeStatic(java.lang.Object, int, java.lang.Object)'> (0x00000000c3932d20) 
thrown [s\src\hotspot\share\interpreter\linkResolver.cpp, line 759]
Event: 18.912 Thread 0x0000015171557d20 Exception <a 'java/lang/NoSuchMethodError'{0x00000000c394fb00}: 'java.lang.Object java.lang.invoke.DirectMethodHandle$Holder.newInvokeSpecial(java.lang.Object, java.lang.Object, java.lang.Object, java.lang.Object, java.lang.Object, int)'> (0x00000000c394fb00) 
thrown [s\src\hotspot\share\interpreter\linkResolver.cpp, line 759]
Event: 18.913 Thread 0x0000015171557d20 Exception <a 'java/lang/NoSuchMethodError'{0x00000000c3953bc0}: 'java.lang.Object java.lang.invoke.Invokers$Holder.linkToTargetMethod(java.lang.Object, java.lang.Object, java.lang.Object, java.lang.Object, int, java.lang.Object)'> (0x00000000c3953bc0) 
thrown [s\src\hotspot\share\interpreter\linkResolver.cpp, line 759]
Event: 18.947 Thread 0x0000015171557d20 Exception <a 'java/lang/NoSuchMethodError'{0x00000000c3993448}: 'java.lang.Object java.lang.invoke.DirectMethodHandle$Holder.newInvokeSpecial(java.lang.Object, java.lang.Object, java.lang.Object, java.lang.Object, java.lang.Object, java.lang.Object, java.lang.Object, java.lang.Object, java.lang.Object, java.lang.Object, java.lang.Object)'> (0x00000000c3993448) 
thrown [s\src\hotspot\share\interpreter\linkResolver.cpp, line 759]
Event: 18.947 Thread 0x0000015171557d20 Exception <a 'java/lang/NoSuchMethodError'{0x00000000c3998158}: 'java.lang.Object java.lang.invoke.DirectMethodHandle$Holder.invokeSpecial(java.lang.Object, java.lang.Object, java.lang.Object, java.lang.Object, java.lang.Object, java.lang.Object, java.lang.Object, java.lang.Object, java.lang.Object, java.lang.Object, java.lang.Object, java.lang.Object)'> (0x00000000c3998158) 
thrown [s\src\hotspot\share\interpreter\linkResolver.cpp, line 759]
Event: 18.948 Thread 0x0000015171557d20 Exception <a 'java/lang/NoSuchMethodError'{0x00000000c399c6f8}: 'java.lang.Object java.lang.invoke.Invokers$Holder.linkToTargetMethod(java.lang.Object, java.lang.Object, java.lang.Object, java.lang.Object, java.lang.Object, java.lang.Object, java.lang.Object, java.lang.Object, java.lang.Object, java.lang.Object, java.lang.Object)'> (0x00000000c399c6f8) 
thrown [s\src\hotspot\share\interpreter\linkResolver.cpp, line 759]
Event: 19.102 Thread 0x0000015171557d20 Exception <a 'java/lang/NoSuchMethodError'{0x00000000c37487f8}: 'java.lang.Object java.lang.invoke.DirectMethodHandle$Holder.newInvokeSpecial(java.lang.Object, java.lang.Object, int, java.lang.Object, int, java.lang.Object, java.lang.Object)'> (0x00000000c37487f8) 
thrown [s\src\hotspot\share\interpreter\linkResolver.cpp, line 759]
Event: 19.133 Thread 0x0000015171557d20 Exception <a 'java/lang/NoSuchMethodError'{0x00000000c37bf3c8}: 'java.lang.Object java.lang.invoke.DirectMethodHandle$Holder.newInvokeSpecial(java.lang.Object, java.lang.Object, java.lang.Object, java.lang.Object, java.lang.Object, java.lang.Object, java.lang.Object, int)'> (0x00000000c37bf3c8) 
thrown [s\src\hotspot\share\interpreter\linkResolver.cpp, line 759]
Event: 19.134 Thread 0x0000015171557d20 Exception <a 'java/lang/NoSuchMethodError'{0x00000000c37c43c0}: 'java.lang.Object java.lang.invoke.DirectMethodHandle$Holder.invokeSpecial(java.lang.Object, java.lang.Object, java.lang.Object, java.lang.Object, java.lang.Object, java.lang.Object, java.lang.Object, java.lang.Object, int)'> (0x00000000c37c43c0) 
thrown [s\src\hotspot\share\interpreter\linkResolver.cpp, line 759]
Event: 19.203 Thread 0x0000015171557d20 Exception <a 'java/lang/NoSuchMethodError'{0x00000000c3695228}: 'void java.lang.invoke.DirectMethodHandle$Holder.invokeInterface(java.lang.Object, java.lang.Object)'> (0x00000000c3695228) 
thrown [s\src\hotspot\share\interpreter\linkResolver.cpp, line 759]
Event: 20.083 Thread 0x0000015171557d20 Exception <a 'java/lang/NoSuchMethodError'{0x00000000c466bff8}: 'java.lang.Object java.lang.invoke.DirectMethodHandle$Holder.invokeSpecial(java.lang.Object, java.lang.Object, int, java.lang.Object, int)'> (0x00000000c466bff8) 
thrown [s\src\hotspot\share\interpreter\linkResolver.cpp, line 759]
Event: 20.697 Thread 0x0000015171557d20 Exception <a 'java/lang/IncompatibleClassChangeError'{0x00000000c53ef438}: Found class java.lang.Object, but interface was expected> (0x00000000c53ef438) 
thrown [s\src\hotspot\share\interpreter\linkResolver.cpp, line 826]
Event: 20.722 Thread 0x0000015171557d20 Exception <a 'java/lang/IncompatibleClassChangeError'{0x00000000c48659e0}: Found class java.lang.Object, but interface was expected> (0x00000000c48659e0) 
thrown [s\src\hotspot\share\interpreter\linkResolver.cpp, line 826]
Event: 20.805 Thread 0x0000015171557d20 Exception <a 'java/lang/IncompatibleClassChangeError'{0x00000000c47d58a0}: Found class java.lang.Object, but interface was expected> (0x00000000c47d58a0) 
thrown [s\src\hotspot\share\interpreter\linkResolver.cpp, line 826]
Event: 21.195 Thread 0x0000015171557d20 Exception <a 'java/lang/IncompatibleClassChangeError'{0x00000000c39ef708}: Found class java.lang.Object, but interface was expected> (0x00000000c39ef708) 
thrown [s\src\hotspot\share\interpreter\linkResolver.cpp, line 826]
Event: 21.937 Thread 0x0000015171557d20 Exception <a 'java/lang/reflect/InvocationTargetException'{0x00000000c407e008}> (0x00000000c407e008) 
thrown [s\src\hotspot\share\runtime\reflection.cpp, line 1121]
Event: 22.307 Thread 0x0000015171557d20 Exception <a 'java/lang/NoSuchMethodError'{0x00000000c3fe2480}: 'int java.lang.invoke.DirectMethodHandle$Holder.invokeStatic(java.lang.Object)'> (0x00000000c3fe2480) 
thrown [s\src\hotspot\share\interpreter\linkResolver.cpp, line 759]
Event: 22.743 Thread 0x0000015171557d20 Implicit null exception at 0x000001516000de46 to 0x000001516000defe

VM Operations (20 events):
Event: 21.519 Executing VM operation: HandshakeAllThreads
Event: 21.519 Executing VM operation: HandshakeAllThreads done
Event: 21.680 Executing VM operation: G1CollectForAllocation
Event: 21.686 Executing VM operation: G1CollectForAllocation done
Event: 21.783 Executing VM operation: G1Concurrent
Event: 21.789 Executing VM operation: G1Concurrent done
Event: 21.813 Executing VM operation: HandshakeAllThreads
Event: 21.815 Executing VM operation: HandshakeAllThreads done
Event: 21.834 Executing VM operation: HandshakeAllThreads
Event: 21.834 Executing VM operation: HandshakeAllThreads done
Event: 21.835 Executing VM operation: G1Concurrent
Event: 21.836 Executing VM operation: G1Concurrent done
Event: 21.856 Executing VM operation: HandshakeAllThreads
Event: 21.857 Executing VM operation: HandshakeAllThreads done
Event: 21.864 Executing VM operation: HandshakeAllThreads
Event: 21.864 Executing VM operation: HandshakeAllThreads done
Event: 22.168 Executing VM operation: G1CollectForAllocation
Event: 22.176 Executing VM operation: G1CollectForAllocation done
Event: 22.645 Executing VM operation: HandshakeAllThreads
Event: 22.645 Executing VM operation: HandshakeAllThreads done

Events (20 events):
Event: 21.874 Thread 0x000001516c768910 flushing nmethod 0x0000015158f6c810
Event: 21.874 Thread 0x000001516c768910 flushing nmethod 0x0000015158f6cc10
Event: 21.874 Thread 0x000001516c768910 flushing nmethod 0x0000015158f6de90
Event: 21.874 Thread 0x000001516c768910 flushing nmethod 0x0000015158f6e290
Event: 21.875 Thread 0x000001516c768910 flushing nmethod 0x0000015158f87b10
Event: 21.875 Thread 0x000001516c768910 flushing nmethod 0x0000015158f89990
Event: 21.875 Thread 0x000001516c768910 flushing nmethod 0x0000015158f8a690
Event: 21.875 Thread 0x000001516c768910 flushing nmethod 0x0000015158f8b290
Event: 21.875 Thread 0x000001516c768910 flushing nmethod 0x0000015158f8dc90
Event: 21.875 Thread 0x000001516c768910 flushing nmethod 0x0000015158f8e090
Event: 21.875 Thread 0x000001516c768910 flushing nmethod 0x0000015158f8f910
Event: 21.875 Thread 0x000001516c768910 flushing nmethod 0x0000015158f92490
Event: 21.875 Thread 0x000001516c768910 flushing nmethod 0x0000015158f9e510
Event: 21.875 Thread 0x000001516c768910 flushing nmethod 0x0000015158f9f110
Event: 21.875 Thread 0x000001516c768910 flushing nmethod 0x0000015158fa1e10
Event: 21.875 Thread 0x000001516c768910 flushing nmethod 0x0000015158fa5710
Event: 21.875 Thread 0x000001516c768910 flushing nmethod 0x0000015158fa5b90
Event: 21.875 Thread 0x000001516c768910 flushing nmethod 0x0000015158fa5f10
Event: 21.875 Thread 0x000001516c768910 flushing nmethod 0x0000015158fa6310
Event: 21.875 Thread 0x000001516c768910 flushing nmethod 0x0000015158fb2e10


Dynamic libraries:
0x00007ff70b860000 - 0x00007ff70b86e000 	C:\Software\sts-4.19.0.RELEASE\plugins\org.eclipse.justj.openjdk.hotspot.jre.full.win32.x86_64_17.0.7.v20230425-1502\jre\bin\javaw.exe
0x00007ffe1ca50000 - 0x00007ffe1cc48000 	C:\Windows\SYSTEM32\ntdll.dll
0x00007ffe1b480000 - 0x00007ffe1b53f000 	C:\Windows\System32\KERNEL32.DLL
0x00007ffe1a7b0000 - 0x00007ffe1aaa6000 	C:\Windows\System32\KERNELBASE.dll
0x00007ffe1a130000 - 0x00007ffe1a230000 	C:\Windows\System32\ucrtbase.dll
0x00007ffe134f0000 - 0x00007ffe13507000 	C:\Software\sts-4.19.0.RELEASE\plugins\org.eclipse.justj.openjdk.hotspot.jre.full.win32.x86_64_17.0.7.v20230425-1502\jre\bin\jli.dll
0x00007ffe1b0c0000 - 0x00007ffe1b25d000 	C:\Windows\System32\USER32.dll
0x00007ffe1a460000 - 0x00007ffe1a482000 	C:\Windows\System32\win32u.dll
0x00007ffe1c490000 - 0x00007ffe1c4bc000 	C:\Windows\System32\GDI32.dll
0x00007ffe1a2d0000 - 0x00007ffe1a3e5000 	C:\Windows\System32\gdi32full.dll
0x00007ffe1a230000 - 0x00007ffe1a2cd000 	C:\Windows\System32\msvcp_win.dll
0x00007ffe12f20000 - 0x00007ffe12f39000 	C:\Software\sts-4.19.0.RELEASE\plugins\org.eclipse.justj.openjdk.hotspot.jre.full.win32.x86_64_17.0.7.v20230425-1502\jre\bin\VCRUNTIME140.dll
0x00007ffe024e0000 - 0x00007ffe0277a000 	C:\Windows\WinSxS\amd64_microsoft.windows.common-controls_6595b64144ccf1df_6.0.19041.1110_none_60b5254171f9507e\COMCTL32.dll
0x00007ffe1acc0000 - 0x00007ffe1ad5e000 	C:\Windows\System32\msvcrt.dll
0x00007ffe1c640000 - 0x00007ffe1c670000 	C:\Windows\System32\IMM32.DLL
0x00007ffe12f10000 - 0x00007ffe12f1c000 	C:\Software\sts-4.19.0.RELEASE\plugins\org.eclipse.justj.openjdk.hotspot.jre.full.win32.x86_64_17.0.7.v20230425-1502\jre\bin\vcruntime140_1.dll
0x00007ffde6ac0000 - 0x00007ffde6b51000 	C:\Software\sts-4.19.0.RELEASE\plugins\org.eclipse.justj.openjdk.hotspot.jre.full.win32.x86_64_17.0.7.v20230425-1502\jre\bin\msvcp140.dll
0x00007ffdda2b0000 - 0x00007ffddaef8000 	C:\Software\sts-4.19.0.RELEASE\plugins\org.eclipse.justj.openjdk.hotspot.jre.full.win32.x86_64_17.0.7.v20230425-1502\jre\bin\server\jvm.dll
0x00007ffe1b310000 - 0x00007ffe1b3bf000 	C:\Windows\System32\ADVAPI32.dll
0x00007ffe1ba80000 - 0x00007ffe1bb1c000 	C:\Windows\System32\sechost.dll
0x00007ffe1c8e0000 - 0x00007ffe1ca06000 	C:\Windows\System32\RPCRT4.dll
0x00007ffe15c30000 - 0x00007ffe15c39000 	C:\Windows\SYSTEM32\WSOCK32.dll
0x00007ffe1b9b0000 - 0x00007ffe1ba1b000 	C:\Windows\System32\WS2_32.dll
0x00007ffdfd360000 - 0x00007ffdfd387000 	C:\Windows\SYSTEM32\WINMM.dll
0x00007ffe13320000 - 0x00007ffe1332a000 	C:\Windows\SYSTEM32\VERSION.dll
0x00007ffe17ef0000 - 0x00007ffe17f02000 	C:\Windows\SYSTEM32\kernel.appcore.dll
0x00007ffe143d0000 - 0x00007ffe143da000 	C:\Software\sts-4.19.0.RELEASE\plugins\org.eclipse.justj.openjdk.hotspot.jre.full.win32.x86_64_17.0.7.v20230425-1502\jre\bin\jimage.dll
0x00007ffe178a0000 - 0x00007ffe17a84000 	C:\Windows\SYSTEM32\DBGHELP.DLL
0x00007ffdfd390000 - 0x00007ffdfd3c4000 	C:\Windows\SYSTEM32\dbgcore.DLL
0x00007ffe1a670000 - 0x00007ffe1a6f2000 	C:\Windows\System32\bcryptPrimitives.dll
0x00007ffe076c0000 - 0x00007ffe076e5000 	C:\Software\sts-4.19.0.RELEASE\plugins\org.eclipse.justj.openjdk.hotspot.jre.full.win32.x86_64_17.0.7.v20230425-1502\jre\bin\java.dll
0x00007ffe07480000 - 0x00007ffe07498000 	C:\Software\sts-4.19.0.RELEASE\plugins\org.eclipse.justj.openjdk.hotspot.jre.full.win32.x86_64_17.0.7.v20230425-1502\jre\bin\zip.dll
0x00007ffe1bb20000 - 0x00007ffe1c264000 	C:\Windows\System32\SHELL32.dll
0x00007ffe181d0000 - 0x00007ffe18963000 	C:\Windows\SYSTEM32\windows.storage.dll
0x00007ffe1ad60000 - 0x00007ffe1b0b4000 	C:\Windows\System32\combase.dll
0x00007ffe19b70000 - 0x00007ffe19b9e000 	C:\Windows\SYSTEM32\Wldp.dll
0x00007ffe1b3d0000 - 0x00007ffe1b47d000 	C:\Windows\System32\SHCORE.dll
0x00007ffe1aab0000 - 0x00007ffe1ab05000 	C:\Windows\System32\shlwapi.dll
0x00007ffe1a060000 - 0x00007ffe1a085000 	C:\Windows\SYSTEM32\profapi.dll
0x00007ffe04e60000 - 0x00007ffe04e79000 	C:\Software\sts-4.19.0.RELEASE\plugins\org.eclipse.justj.openjdk.hotspot.jre.full.win32.x86_64_17.0.7.v20230425-1502\jre\bin\net.dll
0x00007ffe0e960000 - 0x00007ffe0ea6a000 	C:\Windows\SYSTEM32\WINHTTP.dll
0x00007ffe198d0000 - 0x00007ffe1993a000 	C:\Windows\system32\mswsock.dll
0x00007ffe03bd0000 - 0x00007ffe03be5000 	C:\Software\sts-4.19.0.RELEASE\plugins\org.eclipse.justj.openjdk.hotspot.jre.full.win32.x86_64_17.0.7.v20230425-1502\jre\bin\nio.dll
0x00007ffe15c20000 - 0x00007ffe15c29000 	C:\Software\sts-4.19.0.RELEASE\plugins\org.eclipse.justj.openjdk.hotspot.jre.full.win32.x86_64_17.0.7.v20230425-1502\jre\bin\management.dll
0x00007ffe13cd0000 - 0x00007ffe13cdb000 	C:\Software\sts-4.19.0.RELEASE\plugins\org.eclipse.justj.openjdk.hotspot.jre.full.win32.x86_64_17.0.7.v20230425-1502\jre\bin\management_ext.dll
0x00007ffe1c840000 - 0x00007ffe1c848000 	C:\Windows\System32\PSAPI.DLL
0x00007ffe19ac0000 - 0x00007ffe19ad8000 	C:\Windows\SYSTEM32\CRYPTSP.dll
0x00007ffe19170000 - 0x00007ffe191a4000 	C:\Windows\system32\rsaenh.dll
0x00007ffe1a490000 - 0x00007ffe1a4b7000 	C:\Windows\System32\bcrypt.dll
0x00007ffe1a020000 - 0x00007ffe1a04e000 	C:\Windows\SYSTEM32\USERENV.dll
0x00007ffe19ae0000 - 0x00007ffe19aec000 	C:\Windows\SYSTEM32\CRYPTBASE.dll
0x00007ffe19570000 - 0x00007ffe195ab000 	C:\Windows\SYSTEM32\IPHLPAPI.DLL
0x00007ffe1b3c0000 - 0x00007ffe1b3c8000 	C:\Windows\System32\NSI.dll
0x00007ffe120a0000 - 0x00007ffe120b7000 	C:\Windows\SYSTEM32\dhcpcsvc6.DLL
0x00007ffe12360000 - 0x00007ffe1237d000 	C:\Windows\SYSTEM32\dhcpcsvc.DLL
0x00007ffe195c0000 - 0x00007ffe1968a000 	C:\Windows\SYSTEM32\DNSAPI.dll
0x00007ffe12710000 - 0x00007ffe1271e000 	C:\Software\sts-4.19.0.RELEASE\plugins\org.eclipse.justj.openjdk.hotspot.jre.full.win32.x86_64_17.0.7.v20230425-1502\jre\bin\sunmscapi.dll
0x00007ffe1a4c0000 - 0x00007ffe1a61e000 	C:\Windows\System32\CRYPT32.dll
0x00007ffe19be0000 - 0x00007ffe19c08000 	C:\Windows\SYSTEM32\ncrypt.dll
0x00007ffe19ba0000 - 0x00007ffe19bdb000 	C:\Windows\SYSTEM32\NTASN1.dll
0x00007ffe14080000 - 0x00007ffe14090000 	C:\Software\sts-4.19.0.RELEASE\plugins\org.eclipse.justj.openjdk.hotspot.jre.full.win32.x86_64_17.0.7.v20230425-1502\jre\bin\verify.dll
0x00007ffe120c0000 - 0x00007ffe120ca000 	C:\Windows\System32\rasadhlp.dll
0x00007ffdfe5b0000 - 0x00007ffdfe632000 	C:\Windows\System32\fwpuclnt.dll

dbghelp: loaded successfully - version: 4.0.5 - missing functions: none
symbol engine: initialized successfully - sym options: 0x614 - pdb path: .;C:\Software\sts-4.19.0.RELEASE\plugins\org.eclipse.justj.openjdk.hotspot.jre.full.win32.x86_64_17.0.7.v20230425-1502\jre\bin;C:\Windows\SYSTEM32;C:\Windows\WinSxS\amd64_microsoft.windows.common-controls_6595b64144ccf1df_6.0.19041.1110_none_60b5254171f9507e;C:\Software\sts-4.19.0.RELEASE\plugins\org.eclipse.justj.openjdk.hotspot.jre.full.win32.x86_64_17.0.7.v20230425-1502\jre\bin\server

VM Arguments:
jvm_args: -Dfile.encoding=UTF-8 -XX:+ShowCodeDetailsInExceptionMessages 
java_command: com.main.ContractManagerProjectApplication
java_class_path (initial): C:\Users\HP\Documents\workspace-spring-tool-suite-4-4.19.0.RELEASE\ContractManagerProject\target\classes;C:\Users\HP\.m2\repository\org\springframework\boot\spring-boot-starter-data-jpa\3.1.1\spring-boot-starter-data-jpa-3.1.1.jar;C:\Users\HP\.m2\repository\org\springframework\boot\spring-boot-starter-aop\3.1.1\spring-boot-starter-aop-3.1.1.jar;C:\Users\HP\.m2\repository\org\aspectj\aspectjweaver\1.9.19\aspectjweaver-1.9.19.jar;C:\Users\HP\.m2\repository\org\springframework\boot\spring-boot-starter-jdbc\3.1.1\spring-boot-starter-jdbc-3.1.1.jar;C:\Users\HP\.m2\repository\com\zaxxer\HikariCP\5.0.1\HikariCP-5.0.1.jar;C:\Users\HP\.m2\repository\org\springframework\spring-jdbc\6.0.10\spring-jdbc-6.0.10.jar;C:\Users\HP\.m2\repository\org\hibernate\orm\hibernate-core\6.2.5.Final\hibernate-core-6.2.5.Final.jar;C:\Users\HP\.m2\repository\jakarta\persistence\jakarta.persistence-api\3.1.0\jakarta.persistence-api-3.1.0.jar;C:\Users\HP\.m2\repository\jakarta\transaction\jakarta.transaction-api\2.0.1\jakarta.transaction-api-2.0.1.jar;C:\Users\HP\.m2\repository\org\jboss\logging\jboss-logging\3.5.1.Final\jboss-logging-3.5.1.Final.jar;C:\Users\HP\.m2\repository\org\hibernate\common\hibernate-commons-annotations\6.0.6.Final\hibernate-commons-annotations-6.0.6.Final.jar;C:\Users\HP\.m2\repository\io\smallrye\jandex\3.0.5\jandex-3.0.5.jar;C:\Users\HP\.m2\repository\com\fasterxml\classmate\1.5.1\classmate-1.5.1.jar;C:\Users\HP\.m2\repository\net\bytebuddy\byte-buddy\1.14.5\byte-buddy-1.14.5.jar;C:\Users\HP\.m2\repository\org\glassfish\jaxb\jaxb-runtime\4.0.3\jaxb-runtime-4.0.3.jar;C:\Users\HP\.m2\repository\org\glassfish\jaxb\jaxb-core\4.0.3\jaxb-core-4.0.3.jar;C:\Users\HP\.m2\repository\org\eclipse\angus\angus-activation\2.0.1\angus-activation-2.0.1.jar;C:\Users\HP\.m2\repository\org\glassfish\jaxb\txw2\4.0.3\txw2-4.0.3.jar;C:\Users\HP\.m2\repository\com\sun\istack\istack-commons-runtime\4.1.2\istack-commons-runtime-4.1.2.jar;C:\Users\HP\.m2\repository\jak
Launcher Type: SUN_STANDARD

[Global flags]
     intx CICompilerCount                          = 3                                         {product} {ergonomic}
     uint ConcGCThreads                            = 1                                         {product} {ergonomic}
     uint G1ConcRefinementThreads                  = 4                                         {product} {ergonomic}
   size_t G1HeapRegionSize                         = 1048576                                   {product} {ergonomic}
    uintx GCDrainStackTargetSize                   = 64                                        {product} {ergonomic}
   size_t InitialHeapSize                          = 67108864                                  {product} {ergonomic}
   size_t MarkStackSize                            = 4194304                                   {product} {ergonomic}
   size_t MaxHeapSize                              = 1052770304                                {product} {ergonomic}
   size_t MaxNewSize                               = 631242752                                 {product} {ergonomic}
   size_t MinHeapDeltaBytes                        = 1048576                                   {product} {ergonomic}
   size_t MinHeapSize                              = 8388608                                   {product} {ergonomic}
    uintx NonNMethodCodeHeapSize                   = 5832780                                {pd product} {ergonomic}
    uintx NonProfiledCodeHeapSize                  = 122912730                              {pd product} {ergonomic}
    uintx ProfiledCodeHeapSize                     = 122912730                              {pd product} {ergonomic}
    uintx ReservedCodeCacheSize                    = 251658240                              {pd product} {ergonomic}
     bool SegmentedCodeCache                       = true                                      {product} {ergonomic}
     bool ShowCodeDetailsInExceptionMessages       = true                                   {manageable} {command line}
   size_t SoftMaxHeapSize                          = 1052770304                             {manageable} {ergonomic}
     bool UseCompressedClassPointers               = true                           {product lp64_product} {ergonomic}
     bool UseCompressedOops                        = true                           {product lp64_product} {ergonomic}
     bool UseG1GC                                  = true                                      {product} {ergonomic}
     bool UseLargePagesIndividualAllocation        = false                                  {pd product} {ergonomic}

Logging:
Log output configuration:
 #0: stdout all=warning uptime,level,tags
 #1: stderr all=off uptime,level,tags

Environment Variables:
JAVA_HOME=C:\Program Files\Java\jdk1.8.0_161
PATH=C:/Software/sts-4.19.0.RELEASE//plugins/org.eclipse.justj.openjdk.hotspot.jre.full.win32.x86_64_17.0.7.v20230425-1502/jre/bin/server;C:/Software/sts-4.19.0.RELEASE//plugins/org.eclipse.justj.openjdk.hotspot.jre.full.win32.x86_64_17.0.7.v20230425-1502/jre/bin;C:\Program Files\nodejs\;C:\Program Files\Java\jdk1.8.0_161\bin;C:\Program Files\Git\cmd;C:\Program Files\MySQL\MySQL Shell 8.0\bin\;C:\Program Files\Java\jdk1.8.0_161\bin;C:\Users\HP\AppData\Roaming\npm;C:\Windows\System32;C:\Users\HP\AppData\Local\Programs\Microsoft VS Code\bin;C:\Software\sts-4.19.0.RELEASE;
USERNAME=HP
OS=Windows_NT
PROCESSOR_IDENTIFIER=Intel64 Family 6 Model 142 Stepping 9, GenuineIntel
TMP=C:\Users\HP\AppData\Local\Temp
TEMP=C:\Users\HP\AppData\Local\Temp



---------------  S Y S T E M  ---------------

OS:
 Windows 10 , 64 bit Build 19041 (10.0.19041.3155)
OS uptime: 1 days 1:08 hours

CPU: total 4 (initial active 4) (2 cores per cpu, 2 threads per core) family 6 model 142 stepping 9 microcode 0xb4, cx8, cmov, fxsr, ht, mmx, 3dnowpref, sse, sse2, sse3, ssse3, sse4.1, sse4.2, popcnt, lzcnt, tsc, tscinvbit, avx, avx2, aes, erms, clmul, bmi1, bmi2, adx, fma, vzeroupper, clflush, clflushopt

Memory: 4k page, system-wide physical 4011M (244M free)
TotalPageFile size 10155M (AvailPageFile size 13M)
current process WorkingSet (physical memory assigned to process): 234M, peak: 235M
current process commit charge ("private bytes"): 262M, peak: 264M

vm_info: OpenJDK 64-Bit Server VM (17.0.7+7) for windows-amd64 JRE (17.0.7+7), built on Apr 18 2023 22:10:42 by "temurin" with MS VC++ 16.7 (VS2019)

END.
